0 info it worked if it ends with ok
1 verbose cli [ '/usr/local/Cellar/node/6.2.1/bin/node',
1 verbose cli   '/usr/local/bin/npm',
1 verbose cli   'publish' ]
2 info using npm@3.9.3
3 info using node@v6.2.1
4 verbose publish [ '.' ]
5 silly cache add args [ '.', null ]
6 verbose cache add spec .
7 silly cache add parsed spec Result {
7 silly cache add   raw: '.',
7 silly cache add   scope: null,
7 silly cache add   name: null,
7 silly cache add   rawSpec: '.',
7 silly cache add   spec: '/Users/reo7sp/Documents/code/generator-reo-web-starter-kit',
7 silly cache add   type: 'directory' }
8 verbose addLocalDirectory /Users/reo7sp/.npm/generator-reo-web-starter-kit/0.0.0/package.tgz not in flight; packing
9 verbose correctMkdir /Users/reo7sp/.npm correctMkdir not in flight; initializing
10 info lifecycle generator-reo-web-starter-kit@0.0.0~prepublish: generator-reo-web-starter-kit@0.0.0
11 verbose lifecycle generator-reo-web-starter-kit@0.0.0~prepublish: unsafe-perm in lifecycle true
12 verbose lifecycle generator-reo-web-starter-kit@0.0.0~prepublish: PATH: /usr/local/lib/node_modules/npm/bin/node-gyp-bin:/Users/reo7sp/Documents/code/generator-reo-web-starter-kit/node_modules/.bin:/usr/local/Cellar/node/6.2.1/bin:/usr/local/sbin:/usr/local/bin:/usr/sbin:/usr/bin:/sbin:/bin:/usr/local/bin:/usr/bin:/bin:/usr/sbin:/sbin:/Users/reo7sp/.rvm/bin
13 verbose lifecycle generator-reo-web-starter-kit@0.0.0~prepublish: CWD: /Users/reo7sp/Documents/code/generator-reo-web-starter-kit
14 silly lifecycle generator-reo-web-starter-kit@0.0.0~prepublish: Args: [ '-c', 'gulp prepublish' ]
15 silly lifecycle generator-reo-web-starter-kit@0.0.0~prepublish: Returned: code: 0  signal: null
16 verbose tar pack [ '/Users/reo7sp/.npm/generator-reo-web-starter-kit/0.0.0/package.tgz',
16 verbose tar pack   '/Users/reo7sp/Documents/code/generator-reo-web-starter-kit' ]
17 verbose tarball /Users/reo7sp/.npm/generator-reo-web-starter-kit/0.0.0/package.tgz
18 verbose folder /Users/reo7sp/Documents/code/generator-reo-web-starter-kit
19 verbose addLocalTarball adding from inside cache /Users/reo7sp/.npm/generator-reo-web-starter-kit/0.0.0/package.tgz
20 verbose correctMkdir /Users/reo7sp/.npm correctMkdir not in flight; initializing
21 silly cache afterAdd generator-reo-web-starter-kit@0.0.0
22 verbose afterAdd /Users/reo7sp/.npm/generator-reo-web-starter-kit/0.0.0/package/package.json not in flight; writing
23 verbose correctMkdir /Users/reo7sp/.npm correctMkdir not in flight; initializing
24 verbose afterAdd /Users/reo7sp/.npm/generator-reo-web-starter-kit/0.0.0/package/package.json written
25 silly publish { name: 'generator-reo-web-starter-kit',
25 silly publish   version: '0.0.0',
25 silly publish   description: 'Boilerplate for sites',
25 silly publish   homepage: 'https://github.com/reo7sp/reo-web-starter-kit',
25 silly publish   author:
25 silly publish    { name: 'Oleg Morozenkov',
25 silly publish      email: 'a@reo7sp.ru',
25 silly publish      url: 'http://reo7sp.ru' },
25 silly publish   files: [ 'generators' ],
25 silly publish   main: 'generators/index.js',
25 silly publish   keywords:
25 silly publish    [ 'reo',
25 silly publish      'web',
25 silly publish      'start',
25 silly publish      'starter',
25 silly publish      'kit',
25 silly publish      'webapp',
25 silly publish      'yeoman-generator' ],
25 silly publish   dependencies:
25 silly publish    { extend: '^3.0.0',
25 silly publish      mkdirp: '^0.5.1',
25 silly publish      'yeoman-generator': '^0.23.0' },
25 silly publish   devDependencies:
25 silly publish    { 'yeoman-test': '^1.0.0',
25 silly publish      'yeoman-assert': '^2.0.0',
25 silly publish      eslint: '^2.1.0',
25 silly publish      'eslint-config-xo-space': '^0.13.0',
25 silly publish      gulp: '^3.9.0',
25 silly publish      'gulp-eslint': '^2.0.0',
25 silly publish      'gulp-exclude-gitignore': '^1.0.0',
25 silly publish      'gulp-line-ending-corrector': '^1.0.1',
25 silly publish      'gulp-istanbul': '^0.10.3',
25 silly publish      'gulp-mocha': '^2.0.0',
25 silly publish      'gulp-plumber': '^1.0.0',
25 silly publish      'gulp-nsp': '^2.1.0' },
25 silly publish   eslintConfig: { extends: 'xo-space', env: { mocha: true } },
25 silly publish   repository:
25 silly publish    { type: 'git',
25 silly publish      url: 'git+https://github.com/reo7sp/generator-reo-web-starter-kit.git' },
25 silly publish   scripts: { prepublish: 'gulp prepublish', test: 'gulp' },
25 silly publish   license: 'MIT',
25 silly publish   readme: '# generator-reo-web-starter-kit [![NPM version][npm-image]][npm-url] [![Build Status][travis-image]][travis-url] [![Dependency Status][daviddm-image]][daviddm-url]\n> Boilerplate for sites\n\n## Installation\n\nFirst, install [Yeoman](http://yeoman.io) and generator-reo-web-starter-kit using [npm](https://www.npmjs.com/) (we assume you have pre-installed [node.js](https://nodejs.org/)).\n\n```bash\nnpm install -g yo\nnpm install -g generator-reo-web-starter-kit\n```\n\nThen generate your new project:\n\n```bash\nyo reo-web-starter-kit\n```\n\n## Getting To Know Yeoman\n\n * Yeoman has a heart of gold.\n * Yeoman is a person with feelings and opinions, but is very easy to work with.\n * Yeoman can be too opinionated at times but is easily convinced not to be.\n * Feel free to [learn more about Yeoman](http://yeoman.io/).\n\n## License\n\nMIT © [Oleg Morozenkov](http://reo7sp.ru)\n\n\n[npm-image]: https://badge.fury.io/js/generator-reo-web-starter-kit.svg\n[npm-url]: https://npmjs.org/package/generator-reo-web-starter-kit\n[travis-image]: https://travis-ci.org/reo7sp/generator-reo-web-starter-kit.svg?branch=master\n[travis-url]: https://travis-ci.org/reo7sp/generator-reo-web-starter-kit\n[daviddm-image]: https://david-dm.org/reo7sp/generator-reo-web-starter-kit.svg?theme=shields.io\n[daviddm-url]: https://david-dm.org/reo7sp/generator-reo-web-starter-kit\n',
25 silly publish   readmeFilename: 'README.md',
25 silly publish   gitHead: '9618176111ea6628380d12593e310af6e49185a6',
25 silly publish   bugs: { url: 'https://github.com/reo7sp/generator-reo-web-starter-kit/issues' },
25 silly publish   _id: 'generator-reo-web-starter-kit@0.0.0',
25 silly publish   _shasum: 'd9c678113466ffec7ec6661c7df4d1e77c72de64',
25 silly publish   _from: '.' }
26 verbose getPublishConfig undefined
27 silly mapToRegistry name generator-reo-web-starter-kit
28 silly mapToRegistry using default registry
29 silly mapToRegistry registry https://registry.npmjs.org/
30 silly mapToRegistry data Result {
30 silly mapToRegistry   raw: 'generator-reo-web-starter-kit',
30 silly mapToRegistry   scope: null,
30 silly mapToRegistry   name: 'generator-reo-web-starter-kit',
30 silly mapToRegistry   rawSpec: '',
30 silly mapToRegistry   spec: 'latest',
30 silly mapToRegistry   type: 'tag' }
31 silly mapToRegistry uri https://registry.npmjs.org/generator-reo-web-starter-kit
32 verbose publish registryBase https://registry.npmjs.org/
33 silly publish uploading /Users/reo7sp/.npm/generator-reo-web-starter-kit/0.0.0/package.tgz
34 verbose request uri https://registry.npmjs.org/generator-reo-web-starter-kit
35 verbose request sending authorization for write operation
36 info attempt registry request try #1 at 8:11:23 PM
37 verbose request using bearer token for auth
38 verbose request id 0247e43a25360250
39 http request PUT https://registry.npmjs.org/generator-reo-web-starter-kit
40 http 403 https://registry.npmjs.org/generator-reo-web-starter-kit
41 verbose headers { 'content-type': 'application/json',
41 verbose headers   'cache-control': 'max-age=300',
41 verbose headers   'content-length': '95',
41 verbose headers   'accept-ranges': 'bytes',
41 verbose headers   date: 'Sat, 02 Jul 2016 17:11:24 GMT',
41 verbose headers   via: '1.1 varnish',
41 verbose headers   connection: 'keep-alive',
41 verbose headers   'x-served-by': 'cache-bma7020-BMA',
41 verbose headers   'x-cache': 'MISS',
41 verbose headers   'x-cache-hits': '0',
41 verbose headers   'x-timer': 'S1467479483.520743,VS0,VE1023',
41 verbose headers   vary: 'Accept-Encoding' }
42 verbose request invalidating /Users/reo7sp/.npm/registry.npmjs.org/generator-reo-web-starter-kit on PUT
43 error publish Failed PUT 403
44 verbose stack Error: "You cannot publish over the previously published version 0.0.0." : generator-reo-web-starter-kit
44 verbose stack     at makeError (/usr/local/lib/node_modules/npm/node_modules/npm-registry-client/lib/request.js:264:12)
44 verbose stack     at CachingRegistryClient.<anonymous> (/usr/local/lib/node_modules/npm/node_modules/npm-registry-client/lib/request.js:252:14)
44 verbose stack     at Request._callback (/usr/local/lib/node_modules/npm/node_modules/npm-registry-client/lib/request.js:172:14)
44 verbose stack     at Request.self.callback (/usr/local/lib/node_modules/npm/node_modules/request/request.js:200:22)
44 verbose stack     at emitTwo (events.js:106:13)
44 verbose stack     at Request.emit (events.js:191:7)
44 verbose stack     at Request.<anonymous> (/usr/local/lib/node_modules/npm/node_modules/request/request.js:1067:10)
44 verbose stack     at emitOne (events.js:101:20)
44 verbose stack     at Request.emit (events.js:188:7)
44 verbose stack     at IncomingMessage.<anonymous> (/usr/local/lib/node_modules/npm/node_modules/request/request.js:988:12)
45 verbose statusCode 403
46 verbose pkgid generator-reo-web-starter-kit
47 verbose cwd /Users/reo7sp/Documents/code/generator-reo-web-starter-kit
48 error Darwin 15.5.0
49 error argv "/usr/local/Cellar/node/6.2.1/bin/node" "/usr/local/bin/npm" "publish"
50 error node v6.2.1
51 error npm  v3.9.3
52 error code E403
53 error "You cannot publish over the previously published version 0.0.0." : generator-reo-web-starter-kit
54 error If you need help, you may report this error at:
54 error     <https://github.com/npm/npm/issues>
55 verbose exit [ 1, true ]
